TN:
SF:src/api/rae.ts
FN:140,(anonymous_0)
FN:150,delay
FN:151,(anonymous_2)
FN:155,parseRetryAfterSeconds
FN:167,makeApiRequest
FN:204,(anonymous_5)
FN:208,(anonymous_6)
FN:213,(anonymous_7)
FNF:8
FNH:8
FNDA:2,(anonymous_0)
FNDA:2,delay
FNDA:2,(anonymous_2)
FNDA:2,parseRetryAfterSeconds
FNDA:13,makeApiRequest
FNDA:8,(anonymous_5)
FNDA:1,(anonymous_6)
FNDA:2,(anonymous_7)
DA:1,1
DA:141,2
DA:142,2
DA:143,2
DA:147,1
DA:148,1
DA:151,2
DA:156,2
DA:157,2
DA:158,2
DA:159,1
DA:160,1
DA:161,1
DA:168,13
DA:170,13
DA:171,2
DA:172,2
DA:173,2
DA:176,11
DA:177,2
DA:178,2
DA:179,2
DA:180,2
DA:183,2
DA:184,2
DA:187,0
DA:190,9
DA:192,9
DA:193,0
DA:194,0
DA:195,0
DA:197,0
DA:198,0
DA:201,9
DA:204,1
DA:205,8
DA:208,1
DA:209,1
DA:210,1
DA:213,1
DA:214,2
DA:215,2
DA:217,2
DA:218,2
DA:220,2
DA:221,1
DA:224,2
DA:225,2
LF:48
LH:42
BRDA:156,0,0,0
BRDA:156,0,1,2
BRDA:158,1,0,1
BRDA:158,1,1,1
BRDA:160,2,0,0
BRDA:160,2,1,1
BRDA:167,3,0,11
BRDA:170,4,0,2
BRDA:170,4,1,11
BRDA:170,5,0,13
BRDA:170,5,1,2
BRDA:171,6,0,2
BRDA:171,6,1,0
BRDA:176,7,0,2
BRDA:176,7,1,9
BRDA:179,8,0,2
BRDA:179,8,1,0
BRDA:183,9,0,2
BRDA:183,9,1,0
BRDA:192,10,0,0
BRDA:192,10,1,9
BRDA:193,11,0,0
BRDA:193,11,1,0
BRDA:193,12,0,0
BRDA:193,12,1,0
BRDA:194,13,0,0
BRDA:194,13,1,0
BRDA:197,14,0,0
BRDA:197,14,1,0
BRDA:217,15,0,1
BRDA:217,15,1,1
BRDA:218,16,0,1
BRDA:218,16,1,1
BRDA:220,17,0,1
BRDA:220,17,1,1
BRF:35
BRH:21
end_of_record
TN:
SF:src/components/markdown.ts
FN:58,escapeMarkdown
FN:62,renderOrigin
FN:69,renderSenseMeta
FN:74,(anonymous_3)
FN:75,(anonymous_4)
FN:81,renderRelatedWords
FN:82,(anonymous_6)
FN:92,renderSense
FN:95,(anonymous_8)
FN:97,(anonymous_9)
FN:109,renderDefinitions
FN:113,renderLocutions
FN:117,(anonymous_12)
FN:122,renderNonPersonal
FN:131,renderConjugationTable
FN:139,renderIndicative
FN:150,renderSubjunctive
FN:161,renderImperative
FN:170,renderConjugations
FN:180,formatTense
FN:181,(anonymous_20)
FN:184,renderMeaningTitle
FN:185,(anonymous_22)
FN:192,renderMeanings
FN:194,(anonymous_24)
FN:210,renderWordMarkdown
FN:214,renderWordTags
FNF:27
FNH:19
FNDA:43,escapeMarkdown
FNDA:18,renderOrigin
FNDA:21,renderSenseMeta
FNDA:2,(anonymous_3)
FNDA:3,(anonymous_4)
FNDA:42,renderRelatedWords
FNDA:4,(anonymous_6)
FNDA:21,renderSense
FNDA:3,(anonymous_8)
FNDA:2,(anonymous_9)
FNDA:20,renderDefinitions
FNDA:18,renderLocutions
FNDA:2,(anonymous_12)
FNDA:0,renderNonPersonal
FNDA:0,renderConjugationTable
FNDA:0,renderIndicative
FNDA:0,renderSubjunctive
FNDA:0,renderImperative
FNDA:0,renderConjugations
FNDA:0,formatTense
FNDA:0,(anonymous_20)
FNDA:18,renderMeaningTitle
FNDA:18,(anonymous_22)
FNDA:17,renderMeanings
FNDA:18,(anonymous_24)
FNDA:1,renderWordMarkdown
FNDA:2,renderWordTags
DA:19,1
DA:31,1
DA:42,1
DA:48,1
DA:59,43
DA:63,18
DA:64,2
DA:65,2
DA:66,2
DA:70,21
DA:71,21
DA:72,21
DA:73,21
DA:74,21
DA:75,21
DA:78,21
DA:82,42
DA:83,42
DA:84,4
DA:93,21
DA:94,21
DA:95,21
DA:96,21
DA:97,21
DA:98,21
DA:99,21
DA:101,21
DA:102,21
DA:103,21
DA:104,21
DA:105,21
DA:106,21
DA:110,20
DA:114,18
DA:115,2
DA:116,2
DA:117,2
DA:119,2
DA:123,0
DA:132,0
DA:140,0
DA:141,0
DA:142,0
DA:143,0
DA:144,0
DA:145,0
DA:147,0
DA:151,0
DA:152,0
DA:153,0
DA:154,0
DA:155,0
DA:156,0
DA:158,0
DA:162,0
DA:171,0
DA:172,0
DA:173,0
DA:174,0
DA:175,0
DA:176,0
DA:177,0
DA:181,0
DA:185,18
DA:186,18
DA:187,2
DA:189,16
DA:193,17
DA:195,18
DA:196,18
DA:197,18
DA:198,18
DA:199,18
DA:200,2
DA:202,18
DA:203,0
DA:205,18
DA:211,1
DA:215,2
DA:216,2
DA:217,1
DA:218,3
DA:219,3
DA:220,3
DA:221,3
DA:224,2
LF:86
LH:60
BRDA:63,0,0,16
BRDA:63,0,1,2
BRDA:64,1,0,2
BRDA:64,1,1,0
BRDA:65,2,0,0
BRDA:65,2,1,2
BRDA:70,3,0,21
BRDA:70,3,1,0
BRDA:70,4,0,21
BRDA:70,4,1,0
BRDA:71,5,0,1
BRDA:71,5,1,20
BRDA:71,6,0,1
BRDA:71,6,1,0
BRDA:72,7,0,18
BRDA:72,7,1,3
BRDA:72,8,0,18
BRDA:72,8,1,0
BRDA:73,9,0,3
BRDA:73,9,1,18
BRDA:73,10,0,3
BRDA:73,10,1,0
BRDA:74,11,0,21
BRDA:74,11,1,19
BRDA:74,12,0,21
BRDA:74,12,1,20
BRDA:78,13,0,21
BRDA:78,13,1,0
BRDA:82,14,0,2
BRDA:82,14,1,40
BRDA:82,15,0,40
BRDA:82,15,1,38
BRDA:83,16,0,38
BRDA:83,16,1,4
BRDA:94,17,0,21
BRDA:94,17,1,0
BRDA:95,18,0,21
BRDA:95,18,1,18
BRDA:96,19,0,21
BRDA:96,19,1,20
BRDA:97,20,0,21
BRDA:97,20,1,19
BRDA:101,21,0,21
BRDA:101,21,1,0
BRDA:102,22,0,1
BRDA:102,22,1,20
BRDA:103,23,0,3
BRDA:103,23,1,18
BRDA:104,24,0,2
BRDA:104,24,1,19
BRDA:114,25,0,16
BRDA:114,25,1,2
BRDA:114,26,0,18
BRDA:114,26,1,2
BRDA:142,27,0,0
BRDA:142,27,1,0
BRDA:153,28,0,0
BRDA:153,28,1,0
BRDA:171,29,0,0
BRDA:171,29,1,0
BRDA:173,30,0,0
BRDA:173,30,1,0
BRDA:174,31,0,0
BRDA:174,31,1,0
BRDA:175,32,0,0
BRDA:175,32,1,0
BRDA:176,33,0,0
BRDA:176,33,1,0
BRDA:185,34,0,18
BRDA:185,34,1,16
BRDA:186,35,0,2
BRDA:186,35,1,16
BRDA:186,36,0,18
BRDA:186,36,1,2
BRDA:199,37,0,2
BRDA:199,37,1,16
BRDA:202,38,0,0
BRDA:202,38,1,18
BRDA:218,39,0,3
BRDA:218,39,1,0
BRDA:218,40,0,3
BRDA:218,40,1,0
BRDA:219,41,0,2
BRDA:219,41,1,1
BRDA:219,42,0,2
BRDA:219,42,1,0
BRDA:221,43,0,2
BRDA:221,43,1,1
BRDA:221,44,0,3
BRDA:221,44,1,3
BRF:90
BRH:62
end_of_record
