TN:
SF:src/api/rae.ts
FN:111,makeApiRequest
FN:128,(anonymous_1)
FN:132,(anonymous_2)
FN:137,(anonymous_3)
FNF:4
FNH:4
FNDA:8,makeApiRequest
FNDA:5,(anonymous_1)
FNDA:1,(anonymous_2)
FNDA:2,(anonymous_3)
DA:3,1
DA:112,8
DA:114,8
DA:115,2
DA:118,6
DA:120,6
DA:121,0
DA:122,0
DA:125,6
DA:128,1
DA:129,5
DA:132,1
DA:133,1
DA:134,1
DA:137,1
DA:138,2
DA:139,2
DA:141,2
DA:142,2
DA:144,2
DA:145,1
DA:148,2
DA:149,2
LF:23
LH:21
BRDA:114,0,0,2
BRDA:114,0,1,6
BRDA:120,1,0,0
BRDA:120,1,1,6
BRDA:121,2,0,0
BRDA:121,2,1,0
BRDA:141,3,0,1
BRDA:141,3,1,1
BRDA:142,4,0,1
BRDA:142,4,1,1
BRDA:144,5,0,1
BRDA:144,5,1,1
BRF:12
BRH:9
end_of_record
